10:15:51.945 [main] DEBUG com.intuit.karate.Suite - [config] classpath:karate-config.js
10:15:53.988 [pool-1-thread-3] INFO  com.intuit.karate - karate.env system property was: null 
10:15:53.988 [pool-1-thread-1] INFO  com.intuit.karate - karate.env system property was: null 
10:15:53.988 [pool-1-thread-2] INFO  com.intuit.karate - karate.env system property was: null 
10:15:55.064 [pool-1-thread-1] DEBUG com.intuit.karate - request:
1 > GET https://data.weather.gov.hk/weatherAPI/opendata/weather.php?dataType=rhrread&lang=en
1 > Host: data.weather.gov.hk
1 > Connection: Keep-Alive
1 > User-Agent: Apache-HttpClient/4.5.13 (Java/13.0.2)
1 > Accept-Encoding: gzip,deflate


10:15:55.064 [pool-1-thread-2] DEBUG com.intuit.karate - request:
1 > GET https://data.weather.gov.hk/weatherAPI/opendata/weather.php?dataType=rhrread&lang=tc
1 > Host: data.weather.gov.hk
1 > Connection: Keep-Alive
1 > User-Agent: Apache-HttpClient/4.5.13 (Java/13.0.2)
1 > Accept-Encoding: gzip,deflate


10:15:55.064 [pool-1-thread-3] DEBUG com.intuit.karate - request:
1 > GET https://data.weather.gov.hk/weatherAPI/opendata/weather.php?dataType=rhrread&lang=sc
1 > Host: data.weather.gov.hk
1 > Connection: Keep-Alive
1 > User-Agent: Apache-HttpClient/4.5.13 (Java/13.0.2)
1 > Accept-Encoding: gzip,deflate


10:15:56.503 [pool-1-thread-1] DEBUG com.intuit.karate - response time in milliseconds: 1430
1 < 200
1 < Date: Fri, 31 Dec 2021 23:15:56 GMT
1 < Server: Apache
1 < Strict-Transport-Security: max-age=63072000
1 < Referrer-Policy: no-referrer-when-downgrade
1 < X-Frame-Options: SAMEORIGIN
1 < X-Frame-Options: SAMEORIGIN
1 < Content-Security-Policy: default-src 'self'; frame-ancestors 'self' *;
1 < Content-Security-Policy: frame-ancestors 'self';
1 < Access-Control-Allow-Origin: *
1 < Content-Length: 2955
1 < Keep-Alive: timeout=10, max=100
1 < Connection: Keep-Alive
1 < Content-Type: application/json; charset=utf-8
{"rainfall":{"data":[{"unit":"mm","place":"Central &amp; Western District","max":0,"main":"FALSE"},{"unit":"mm","place":"Eastern District","max":0,"main":"FALSE"},{"unit":"mm","place":"Kwai Tsing","max":0,"main":"FALSE"},{"unit":"mm","place":"Islands District","max":0,"main":"FALSE"},{"unit":"mm","place":"North District","max":0,"main":"FALSE"},{"unit":"mm","place":"Sai Kung","max":0,"main":"FALSE"},{"unit":"mm","place":"Sha Tin","max":0,"main":"FALSE"},{"unit":"mm","place":"Southern District","max":0,"main":"FALSE"},{"unit":"mm","place":"Tai Po","max":0,"main":"FALSE"},{"unit":"mm","place":"Tsuen Wan","max":0,"main":"FALSE"},{"unit":"mm","place":"Tuen Mun","max":0,"main":"FALSE"},{"unit":"mm","place":"Wan Chai","max":0,"main":"FALSE"},{"unit":"mm","place":"Yuen Long","max":0,"main":"FALSE"},{"unit":"mm","place":"Yau Tsim Mong","max":0,"main":"FALSE"},{"unit":"mm","place":"Sham Shui Po","max":0,"main":"FALSE"},{"unit":"mm","place":"Kowloon City","max":0,"main":"FALSE"},{"unit":"mm","place":"Wong Tai Sin","max":0,"main":"FALSE"},{"unit":"mm","place":"Kwun Tong","max":0,"main":"FALSE"}],"startTime":"2022-01-01T05:45:00+08:00","endTime":"2022-01-01T06:45:00+08:00"},"icon":[51],"iconUpdateTime":"2022-01-01T06:00:00+08:00","uvindex":"","updateTime":"2022-01-01T07:02:00+08:00","temperature":{"data":[{"place":"King's Park","value":15,"unit":"C"},{"place":"Hong Kong Observatory","value":17,"unit":"C"},{"place":"Wong Chuk Hang","value":16,"unit":"C"},{"place":"Ta Kwu Ling","value":15,"unit":"C"},{"place":"Lau Fau Shan","value":14,"unit":"C"},{"place":"Tai Po","value":15,"unit":"C"},{"place":"Sha Tin","value":15,"unit":"C"},{"place":"Tuen Mun","value":15,"unit":"C"},{"place":"Tseung Kwan O","value":16,"unit":"C"},{"place":"Sai Kung","value":15,"unit":"C"},{"place":"Cheung Chau","value":15,"unit":"C"},{"place":"Chek Lap Kok","value":17,"unit":"C"},{"place":"Tsing Yi","value":16,"unit":"C"},{"place":"Shek Kong","value":14,"unit":"C"},{"place":"Tsuen Wan Ho Koon","value":13,"unit":"C"},{"place":"Tsuen Wan Shing Mun Valley","value":15,"unit":"C"},{"place":"Hong Kong Park","value":16,"unit":"C"},{"place":"Shau Kei Wan","value":16,"unit":"C"},{"place":"Kowloon City","value":15,"unit":"C"},{"place":"Happy Valley","value":16,"unit":"C"},{"place":"Wong Tai Sin","value":15,"unit":"C"},{"place":"Stanley","value":16,"unit":"C"},{"place":"Kwun Tong","value":15,"unit":"C"},{"place":"Sham Shui Po","value":16,"unit":"C"},{"place":"Kai Tak Runway Park","value":17,"unit":"C"},{"place":"Yuen Long Park","value":14,"unit":"C"},{"place":"Tai Mei Tuk","value":15,"unit":"C"}],"recordTime":"2022-01-01T07:00:00+08:00"},"warningMessage":["The Fire Danger Warning is Yellow and the fire risk is high."],"mintempFrom00To09":"","rainfallFrom00To12":"","rainfallLastMonth":"","rainfallJanuaryToLastMonth":"","tcmessage":"","humidity":{"recordTime":"2022-01-01T07:00:00+08:00","data":[{"unit":"percent","value":81,"place":"Hong Kong Observatory"}]}}
10:15:56.505 [pool-1-thread-2] DEBUG com.intuit.karate - response time in milliseconds: 1430
1 < 200
1 < Date: Fri, 31 Dec 2021 23:15:56 GMT
1 < Server: Apache
1 < Strict-Transport-Security: max-age=63072000
1 < Referrer-Policy: no-referrer-when-downgrade
1 < X-Frame-Options: SAMEORIGIN
1 < X-Frame-Options: SAMEORIGIN
1 < Content-Security-Policy: default-src 'self'; frame-ancestors 'self' *;
1 < Content-Security-Policy: frame-ancestors 'self';
1 < Access-Control-Allow-Origin: *
1 < Content-Length: 2767
1 < Keep-Alive: timeout=10, max=100
1 < Connection: Keep-Alive
1 < Content-Type: application/json; charset=utf-8
{"rainfall":{"data":[{"unit":"mm","place":"中西區","max":0,"main":"FALSE"},{"unit":"mm","place":"東區","max":0,"main":"FALSE"},{"unit":"mm","place":"葵青","max":0,"main":"FALSE"},{"unit":"mm","place":"離島區","max":0,"main":"FALSE"},{"unit":"mm","place":"北區","max":0,"main":"FALSE"},{"unit":"mm","place":"西貢","max":0,"main":"FALSE"},{"unit":"mm","place":"沙田","max":0,"main":"FALSE"},{"unit":"mm","place":"南區","max":0,"main":"FALSE"},{"unit":"mm","place":"大埔","max":0,"main":"FALSE"},{"unit":"mm","place":"荃灣","max":0,"main":"FALSE"},{"unit":"mm","place":"屯門","max":0,"main":"FALSE"},{"unit":"mm","place":"灣仔","max":0,"main":"FALSE"},{"unit":"mm","place":"元朗","max":0,"main":"FALSE"},{"unit":"mm","place":"油尖旺","max":0,"main":"FALSE"},{"unit":"mm","place":"深水埗","max":0,"main":""},{"unit":"mm","place":"九龍城","max":0,"main":""},{"unit":"mm","place":"黃大仙","max":0,"main":"FALSE"},{"unit":"mm","place":"觀塘","max":0,"main":"FALSE"}],"startTime":"2022-01-01T05:45:00+08:00","endTime":"2022-01-01T06:45:00+08:00"},"warningMessage":["火災危險警告為黃色，表示火災危險性頗高。"],"icon":[51],"iconUpdateTime":"2022-01-01T06:00:00+08:00","uvindex":"","updateTime":"2022-01-01T07:02:00+08:00","temperature":{"data":[{"place":"京士柏","value":15,"unit":"C"},{"place":"香港天文台","value":17,"unit":"C"},{"place":"黃竹坑","value":16,"unit":"C"},{"place":"打鼓嶺","value":15,"unit":"C"},{"place":"流浮山","value":14,"unit":"C"},{"place":"大埔","value":15,"unit":"C"},{"place":"沙田","value":15,"unit":"C"},{"place":"屯門","value":15,"unit":"C"},{"place":"將軍澳","value":16,"unit":"C"},{"place":"西貢","value":15,"unit":"C"},{"place":"長洲","value":15,"unit":"C"},{"place":"赤鱲角","value":17,"unit":"C"},{"place":"青衣","value":16,"unit":"C"},{"place":"石崗","value":14,"unit":"C"},{"place":"荃灣可觀","value":13,"unit":"C"},{"place":"荃灣城門谷","value":15,"unit":"C"},{"place":"香港公園","value":16,"unit":"C"},{"place":"筲箕灣","value":16,"unit":"C"},{"place":"九龍城","value":15,"unit":"C"},{"place":"跑馬地","value":16,"unit":"C"},{"place":"黃大仙","value":15,"unit":"C"},{"place":"赤柱","value":16,"unit":"C"},{"place":"觀塘","value":15,"unit":"C"},{"place":"深水埗","value":16,"unit":"C"},{"place":"啟德跑道公園","value":17,"unit":"C"},{"place":"元朗公園","value":14,"unit":"C"},{"place":"大美督","value":15,"unit":"C"}],"recordTime":"2022-01-01T07:00:00+08:00"},"tcmessage":"","mintempFrom00To09":"","rainfallFrom00To12":"","rainfallLastMonth":"","rainfallJanuaryToLastMonth":"","humidity":{"recordTime":"2022-01-01T07:00:00+08:00","data":[{"unit":"percent","value":81,"place":"香港天文台"}]}}
10:15:56.505 [pool-1-thread-3] DEBUG com.intuit.karate - response time in milliseconds: 1430
1 < 200
1 < Date: Fri, 31 Dec 2021 23:15:56 GMT
1 < Server: Apache
1 < Strict-Transport-Security: max-age=63072000
1 < Referrer-Policy: no-referrer-when-downgrade
1 < X-Frame-Options: SAMEORIGIN
1 < X-Frame-Options: SAMEORIGIN
1 < Content-Security-Policy: default-src 'self'; frame-ancestors 'self' *;
1 < Content-Security-Policy: frame-ancestors 'self';
1 < Access-Control-Allow-Origin: *
1 < Content-Length: 2767
1 < Keep-Alive: timeout=10, max=100
1 < Connection: Keep-Alive
1 < Content-Type: application/json; charset=utf-8
{"rainfall":{"data":[{"unit":"mm","place":"中西区","max":0,"main":"FALSE"},{"unit":"mm","place":"东区","max":0,"main":"FALSE"},{"unit":"mm","place":"葵青","max":0,"main":"FALSE"},{"unit":"mm","place":"离岛区","max":0,"main":"FALSE"},{"unit":"mm","place":"北区","max":0,"main":"FALSE"},{"unit":"mm","place":"西贡","max":0,"main":"FALSE"},{"unit":"mm","place":"沙田","max":0,"main":"FALSE"},{"unit":"mm","place":"南区","max":0,"main":"FALSE"},{"unit":"mm","place":"大埔","max":0,"main":"FALSE"},{"unit":"mm","place":"荃湾","max":0,"main":"FALSE"},{"unit":"mm","place":"屯门","max":0,"main":"FALSE"},{"unit":"mm","place":"湾仔","max":0,"main":"FALSE"},{"unit":"mm","place":"元朗","max":0,"main":"FALSE"},{"unit":"mm","place":"油尖旺","max":0,"main":"FALSE"},{"unit":"mm","place":"深水埗","max":0,"main":""},{"unit":"mm","place":"九龙城","max":0,"main":""},{"unit":"mm","place":"黄大仙","max":0,"main":"FALSE"},{"unit":"mm","place":"观塘","max":0,"main":"FALSE"}],"startTime":"2022-01-01T05:45:00+08:00","endTime":"2022-01-01T06:45:00+08:00"},"warningMessage":["火灾危险警告为黄色，表示火灾危险性颇高。"],"icon":[51],"iconUpdateTime":"2022-01-01T06:00:00+08:00","uvindex":"","updateTime":"2022-01-01T07:02:00+08:00","temperature":{"data":[{"place":"京士柏","value":15,"unit":"C"},{"place":"香港天文台","value":17,"unit":"C"},{"place":"黄竹坑","value":16,"unit":"C"},{"place":"打鼓岭","value":15,"unit":"C"},{"place":"流浮山","value":14,"unit":"C"},{"place":"大埔","value":15,"unit":"C"},{"place":"沙田","value":15,"unit":"C"},{"place":"屯门","value":15,"unit":"C"},{"place":"将军澳","value":16,"unit":"C"},{"place":"西贡","value":15,"unit":"C"},{"place":"长洲","value":15,"unit":"C"},{"place":"赤鱲角","value":17,"unit":"C"},{"place":"青衣","value":16,"unit":"C"},{"place":"石岗","value":14,"unit":"C"},{"place":"荃湾可观","value":13,"unit":"C"},{"place":"荃湾城门谷","value":15,"unit":"C"},{"place":"香港公园","value":16,"unit":"C"},{"place":"筲箕湾","value":16,"unit":"C"},{"place":"九龙城","value":15,"unit":"C"},{"place":"跑马地","value":16,"unit":"C"},{"place":"黄大仙","value":15,"unit":"C"},{"place":"赤柱","value":16,"unit":"C"},{"place":"观塘","value":15,"unit":"C"},{"place":"深水埗","value":16,"unit":"C"},{"place":"启德跑道公园","value":17,"unit":"C"},{"place":"元朗公园","value":14,"unit":"C"},{"place":"大美督","value":15,"unit":"C"}],"recordTime":"2022-01-01T07:00:00+08:00"},"tcmessage":"","mintempFrom00To09":"","rainfallFrom00To12":"","rainfallLastMonth":"","rainfallJanuaryToLastMonth":"","humidity":{"recordTime":"2022-01-01T07:00:00+08:00","data":[{"unit":"percent","value":81,"place":"香港天文台"}]}}
10:15:58.933 [pool-2-thread-1] INFO  com.intuit.karate.Suite - <<pass>> feature 1 of 1 (0 remaining) classpath:HkWeatherAPI/rhrread.feature
